<?xml version="1.0" encoding="UTF-8"?>
<!-- Generated by org.testng.reporters.JUnitReportReporter -->
<testsuite hostname="IN-PPM105155" failures="0" tests="1" name="maven.project.seleniumTest" time="0.010" errors="0" timestamp="2022-08-26T18:31:19 IST" skipped="0">
  <testcase classname="maven.project.seleniumTest" name="seleniumtest" time="0.010"/>
  <system-out/>
</testsuite> <!-- maven.project.seleniumTest -->
